#
# There is insufficient memory for the Java Runtime Environment to continue.
# Native memory allocation (malloc) failed to allocate 1054896 bytes for Chunk::new
# Possible reasons:
#   The system is out of physical RAM or swap space
#   The process is running with CompressedOops enabled, and the Java Heap may be blocking the growth of the native heap
# Possible solutions:
#   Reduce memory load on the system
#   Increase physical memory or swap space
#   Check if swap backing store is full
#   Decrease Java heap size (-Xmx/-Xms)
#   Decrease number of Java threads
#   Decrease Java thread stack sizes (-Xss)
#   Set larger code cache with -XX:ReservedCodeCacheSize=
#   JVM is running with Zero Based Compressed Oops mode in which the Java heap is
#     placed in the first 32GB address space. The Java Heap base address is the
#     maximum limit for the native heap growth. Please use -XX:HeapBaseMinAddress
#     to set the Java Heap base and to place the Java Heap above 32GB virtual address.
# This output file may be truncated or incomplete.
#
#  Out of Memory Error (arena.cpp:189), pid=21336, tid=28068
#
# JRE version: Java(TM) SE Runtime Environment (17.0.10+11) (build 17.0.10+11-LTS-240)
# Java VM: Java HotSpot(TM) 64-Bit Server VM (17.0.10+11-LTS-240, mixed mode, sharing, tiered, compressed oops, compressed class ptrs, g1 gc, windows-amd64)
# No core dump will be written. Minidumps are not enabled by default on client versions of Windows
#

---------------  S U M M A R Y ------------

Command Line: c:\Users\admin\.vscode-insiders\extensions\salesforce.salesforce-vscode-slds-2.0.10\lsp-2.0.10-executable.jar --PORT=53058

Host: 11th Gen Intel(R) Core(TM) i5-1135G7 @ 2.40GHz, 8 cores, 15G,  Windows 11 , 64 bit Build 22621 (10.0.22621.4391)
Time: Sun Nov 17 23:57:46 2024 India Standard Time elapsed time: 725.329821 seconds (0d 0h 12m 5s)

---------------  T H R E A D  ---------------

Current thread (0x00000217e5685070):  JavaThread "C2 CompilerThread0" daemon [_thread_in_native, id=28068, stack(0x0000006e9e800000,0x0000006e9e900000)]


Current CompileTask:
C2: 725329 5827       4       org.springframework.core.ResolvableType::forType (112 bytes)

Stack: [0x0000006e9e800000,0x0000006e9e900000]
Native frames: (J=compiled Java code, j=interpreted, Vv=VM code, C=native code)
V  [jvm.dll+0x677a5a]
V  [jvm.dll+0x7d8b2d]
V  [jvm.dll+0x7da48e]
V  [jvm.dll+0x7daaf3]
V  [jvm.dll+0x2455ff]
V  [jvm.dll+0xaaafb]
V  [jvm.dll+0xab09c]
V  [jvm.dll+0x2aafef]
V  [jvm.dll+0x57fd55]
V  [jvm.dll+0x220472]
V  [jvm.dll+0x21945f]
V  [jvm.dll+0x216c79]
V  [jvm.dll+0x1a3410]
V  [jvm.dll+0x226aeb]
V  [jvm.dll+0x224cab]
V  [jvm.dll+0x78e45c]
V  [jvm.dll+0x78888a]
V  [jvm.dll+0x676935]
C  [ucrtbase.dll+0x29333]
C  [KERNEL32.DLL+0x1259d]
C  [ntdll.dll+0x5af38]


---------------  P R O C E S S  ---------------

Threads class SMR info:
_java_thread_list=0x000002182c208470, length=21, elements={
0x00000217e55621f0, 0x00000217e5562db0, 0x00000217e557c580, 0x00000217e557d8e0,
0x00000217e557e2a0, 0x00000217e5684470, 0x00000217e5685070, 0x00000217e56f0080,
0x00000217e56f35c0, 0x00000217e5750f60, 0x00000217e5759b00, 0x00000217e597fc60,
0x000002182c3bab70, 0x000002182f437b50, 0x000002182f437130, 0x000002182f438a80,
0x000002182f438f90, 0x000002182f438060, 0x000002182f4394a0, 0x000002182f4399b0,
0x000002182f439ec0
}

Java Threads: ( => current thread )
  0x00000217e55621f0 JavaThread "Reference Handler" daemon [_thread_blocked, id=25852, stack(0x0000006e9e200000,0x0000006e9e300000)]
  0x00000217e5562db0 JavaThread "Finalizer" daemon [_thread_blocked, id=22540, stack(0x0000006e9e300000,0x0000006e9e400000)]
  0x00000217e557c580 JavaThread "Signal Dispatcher" daemon [_thread_blocked, id=23664, stack(0x0000006e9e400000,0x0000006e9e500000)]
  0x00000217e557d8e0 JavaThread "Attach Listener" daemon [_thread_blocked, id=12188, stack(0x0000006e9e500000,0x0000006e9e600000)]
  0x00000217e557e2a0 JavaThread "Service Thread" daemon [_thread_blocked, id=13840, stack(0x0000006e9e600000,0x0000006e9e700000)]
  0x00000217e5684470 JavaThread "Monitor Deflation Thread" daemon [_thread_blocked, id=21668, stack(0x0000006e9e700000,0x0000006e9e800000)]
=>0x00000217e5685070 JavaThread "C2 CompilerThread0" daemon [_thread_in_native, id=28068, stack(0x0000006e9e800000,0x0000006e9e900000)]
  0x00000217e56f0080 JavaThread "C1 CompilerThread0" daemon [_thread_blocked, id=28592, stack(0x0000006e9e900000,0x0000006e9ea00000)]
  0x00000217e56f35c0 JavaThread "Sweeper thread" daemon [_thread_blocked, id=6084, stack(0x0000006e9ea00000,0x0000006e9eb00000)]
  0x00000217e5750f60 JavaThread "Notification Thread" daemon [_thread_blocked, id=22028, stack(0x0000006e9eb00000,0x0000006e9ec00000)]
  0x00000217e5759b00 JavaThread "Common-Cleaner" daemon [_thread_blocked, id=4692, stack(0x0000006e9ed00000,0x0000006e9ee00000)]
  0x00000217e597fc60 JavaThread "Cleaner-0" daemon [_thread_blocked, id=20972, stack(0x0000006e9ee00000,0x0000006e9ef00000)]
  0x000002182c3bab70 JavaThread "pool-2-thread-1" [_thread_in_native, id=8312, stack(0x0000006e9f900000,0x0000006e9fa00000)]
  0x000002182f437b50 JavaThread "DestroyJavaVM" [_thread_blocked, id=9696, stack(0x0000006e9db00000,0x0000006e9dc00000)]
  0x000002182f437130 JavaThread "ForkJoinPool.commonPool-worker-1" daemon [_thread_blocked, id=26352, stack(0x0000006e9fa00000,0x0000006e9fb00000)]
  0x000002182f438a80 JavaThread "ForkJoinPool.commonPool-worker-8" daemon [_thread_blocked, id=25892, stack(0x0000006e9d800000,0x0000006e9d900000)]
  0x000002182f438f90 JavaThread "ForkJoinPool.commonPool-worker-11" daemon [_thread_blocked, id=25568, stack(0x0000006e9f000000,0x0000006e9f100000)]
  0x000002182f438060 JavaThread "ForkJoinPool.commonPool-worker-12" daemon [_thread_blocked, id=20976, stack(0x0000006e9ef00000,0x0000006e9f000000)]
  0x000002182f4394a0 JavaThread "ForkJoinPool.commonPool-worker-15" daemon [_thread_blocked, id=25004, stack(0x0000006e9d900000,0x0000006e9da00000)]
  0x000002182f4399b0 JavaThread "ForkJoinPool.commonPool-worker-14" daemon [_thread_blocked, id=4204, stack(0x0000006e9fb00000,0x0000006e9fc00000)]
  0x000002182f439ec0 JavaThread "ForkJoinPool.commonPool-worker-16" daemon [_thread_blocked, id=9404, stack(0x0000006e9fc00000,0x0000006e9fd00000)]

Other Threads:
  0x00000217e555c7d0 VMThread "VM Thread" [stack: 0x0000006e9e100000,0x0000006e9e200000] [id=7768]
  0x00000217e5751440 WatcherThread [stack: 0x0000006e9ec00000,0x0000006e9ed00000] [id=15812]
  0x00000217c224e950 GCTaskThread "GC Thread#0" [stack: 0x0000006e9dc00000,0x0000006e9dd00000] [id=21800]
  0x000002182bda1030 GCTaskThread "GC Thread#1" [stack: 0x0000006e9f100000,0x0000006e9f200000] [id=25680]
  0x000002182bda12f0 GCTaskThread "GC Thread#2" [stack: 0x0000006e9f200000,0x0000006e9f300000] [id=7716]
  0x000002182b851a20 GCTaskThread "GC Thread#3" [stack: 0x0000006e9f300000,0x0000006e9f400000] [id=21672]
  0x000002182b851ce0 GCTaskThread "GC Thread#4" [stack: 0x0000006e9f400000,0x0000006e9f500000] [id=22796]
  0x000002182c4b0570 GCTaskThread "GC Thread#5" [stack: 0x0000006e9f500000,0x0000006e9f600000] [id=2948]
  0x00000217e5960e90 GCTaskThread "GC Thread#6" [stack: 0x0000006e9f600000,0x0000006e9f700000] [id=15232]
  0x000002182cc31200 GCTaskThread "GC Thread#7" [stack: 0x0000006e9f700000,0x0000006e9f800000] [id=1380]
  0x00000217c225f470 ConcurrentGCThread "G1 Main Marker" [stack: 0x0000006e9dd00000,0x0000006e9de00000] [id=7496]
  0x00000217c225fe80 ConcurrentGCThread "G1 Conc#0" [stack: 0x0000006e9de00000,0x0000006e9df00000] [id=21272]
  0x000002182eeb01c0 ConcurrentGCThread "G1 Conc#1" [stack: 0x0000006e9f800000,0x0000006e9f900000] [id=25144]
  0x00000217e5416100 ConcurrentGCThread "G1 Refine#0" [stack: 0x0000006e9df00000,0x0000006e9e000000] [id=10644]
  0x00000217e5416a40 ConcurrentGCThread "G1 Service" [stack: 0x0000006e9e000000,0x0000006e9e100000] [id=26676]

Threads with active compile tasks:
C2 CompilerThread0   725365 5827       4       org.springframework.core.ResolvableType::forType (112 bytes)

VM state: not at safepoint (normal execution)

VM Mutex/Monitor currently owned by a thread: None

Heap address: 0x0000000704200000, size: 4030 MB, Compressed Oops mode: Zero based, Oop shift amount: 3

CDS archive(s) mapped at: [0x00000217e6000000-0x00000217e6bd0000-0x00000217e6bd0000), size 12386304, SharedBaseAddress: 0x00000217e6000000, ArchiveRelocationMode: 1.
Compressed class space mapped at: 0x00000217e7000000-0x0000021827000000, reserved size: 1073741824
Narrow klass base: 0x00000217e6000000, Narrow klass shift: 0, Narrow klass range: 0x100000000

GC Precious Log:
 CPUs: 8 total, 8 available
 Memory: 16118M
 Large Page Support: Disabled
 NUMA Support: Disabled
 Compressed Oops: Enabled (Zero based)
 Heap Region Size: 2M
 Heap Min Capacity: 8M
 Heap Initial Capacity: 252M
 Heap Max Capacity: 4030M
 Pre-touch: Disabled
 Parallel Workers: 8
 Concurrent Workers: 2
 Concurrent Refinement Workers: 8
 Periodic GC: Disabled

Heap:
 garbage-first heap   total 57344K, used 38114K [0x0000000704200000, 0x0000000800000000)
  region size 2048K, 13 young (26624K), 1 survivors (2048K)
 Metaspace       used 28098K, committed 28544K, reserved 1114112K
  class space    used 3408K, committed 3648K, reserved 1048576K

Heap Regions: E=young(eden), S=young(survivor), O=old, HS=humongous(starts), HC=humongous(continues), CS=collection set, F=free, OA=open archive, CA=closed archive, TAMS=top-at-mark-start (previous, next)
|   0|0x0000000704200000, 0x0000000704400000, 0x0000000704400000|100%| O|  |TAMS 0x0000000704200000, 0x0000000704200000| Untracked 
|   1|0x0000000704400000, 0x0000000704546c00, 0x0000000704600000| 63%| O|  |TAMS 0x0000000704400000, 0x0000000704400000| Untracked 
|   2|0x0000000704600000, 0x0000000704600000, 0x0000000704800000|  0%| F|  |TAMS 0x0000000704600000, 0x0000000704600000| Untracked 
|   3|0x0000000704800000, 0x0000000704800000, 0x0000000704a00000|  0%| F|  |TAMS 0x0000000704800000, 0x0000000704800000| Untracked 
|   4|0x0000000704a00000, 0x0000000704c00000, 0x0000000704c00000|100%| O|  |TAMS 0x0000000704a00000, 0x0000000704a00000| Untracked 
|   5|0x0000000704c00000, 0x0000000704e00000, 0x0000000704e00000|100%| O|  |TAMS 0x0000000704c00000, 0x0000000704c00000| Untracked 
|   6|0x0000000704e00000, 0x0000000705000000, 0x0000000705000000|100%| O|  |TAMS 0x0000000704e00000, 0x0000000704e00000| Untracked 
|   7|0x0000000705000000, 0x0000000705200000, 0x0000000705200000|100%| O|  |TAMS 0x0000000705000000, 0x0000000705000000| Untracked 
|   8|0x0000000705200000, 0x0000000705400000, 0x0000000705400000|100%| O|  |TAMS 0x0000000705200000, 0x0000000705200000| Untracked 
|   9|0x0000000705400000, 0x0000000705400000, 0x0000000705600000|  0%| F|  |TAMS 0x0000000705400000, 0x0000000705400000| Untracked 
|  10|0x0000000705600000, 0x0000000705600000, 0x0000000705800000|  0%| F|  |TAMS 0x0000000705600000, 0x0000000705600000| Untracked 
|  11|0x0000000705800000, 0x0000000705800000, 0x0000000705a00000|  0%| F|  |TAMS 0x0000000705800000, 0x0000000705800000| Untracked 
|  12|0x0000000705a00000, 0x0000000705a00000, 0x0000000705c00000|  0%| F|  |TAMS 0x0000000705a00000, 0x0000000705a00000| Untracked 
|  13|0x0000000705c00000, 0x0000000705c00000, 0x0000000705e00000|  0%| F|  |TAMS 0x0000000705c00000, 0x0000000705c00000| Untracked 
|  14|0x0000000705e00000, 0x0000000705ff1ea0, 0x0000000706000000| 97%| S|CS|TAMS 0x0000000705e00000, 0x0000000705e00000| Complete 
|  15|0x0000000706000000, 0x0000000706000000, 0x0000000706200000|  0%| F|  |TAMS 0x0000000706000000, 0x0000000706000000| Untracked 
|  16|0x0000000706200000, 0x000000070624a9d0, 0x0000000706400000| 14%| E|  |TAMS 0x0000000706200000, 0x0000000706200000| Complete 
|  17|0x0000000706400000, 0x0000000706600000, 0x0000000706600000|100%| E|CS|TAMS 0x0000000706400000, 0x0000000706400000| Complete 
|  18|0x0000000706600000, 0x0000000706800000, 0x0000000706800000|100%| E|CS|TAMS 0x0000000706600000, 0x0000000706600000| Complete 
|  19|0x0000000706800000, 0x0000000706a00000, 0x0000000706a00000|100%| E|CS|TAMS 0x0000000706800000, 0x0000000706800000| Complete 
|  54|0x000000070ae00000, 0x000000070b000000, 0x000000070b000000|100%| E|CS|TAMS 0x000000070ae00000, 0x000000070ae00000| Complete 
|  55|0x000000070b000000, 0x000000070b200000, 0x000000070b200000|100%| E|CS|TAMS 0x000000070b000000, 0x000000070b000000| Complete 
|  56|0x000000070b200000, 0x000000070b400000, 0x000000070b400000|100%| E|CS|TAMS 0x000000070b200000, 0x000000070b200000| Complete 
|  57|0x000000070b400000, 0x000000070b600000, 0x000000070b600000|100%| E|CS|TAMS 0x000000070b400000, 0x000000070b400000| Complete 
|  58|0x000000070b600000, 0x000000070b800000, 0x000000070b800000|100%| E|CS|TAMS 0x000000070b600000, 0x000000070b600000| Complete 
| 123|0x0000000713800000, 0x0000000713a00000, 0x0000000713a00000|100%| E|CS|TAMS 0x0000000713800000, 0x0000000713800000| Complete 
| 124|0x0000000713a00000, 0x0000000713c00000, 0x0000000713c00000|100%| E|CS|TAMS 0x0000000713a00000, 0x0000000713a00000| Complete 
| 125|0x0000000713c00000, 0x0000000713e00000, 0x0000000713e00000|100%| E|CS|TAMS 0x0000000713c00000, 0x0000000713c00000| Complete 

Card table byte_map: [0x00000217d9d20000,0x00000217da500000] _byte_map_base: 0x00000217d64ff000

Marking Bits (Prev, Next): (CMBitMap*) 0x00000217c224efb0, (CMBitMap*) 0x00000217c224ef70
 Prev Bits: [0x00000217debe0000, 0x00000217e2ad8000)
 Next Bits: [0x00000217dace0000, 0x00000217debd8000)

Polling page: 0x00000217c08e0000

Metaspace:

Usage:
  Non-class:     24.11 MB used.
      Class:      3.33 MB used.
       Both:     27.44 MB used.

Virtual space:
  Non-class space:       64.00 MB reserved,      24.31 MB ( 38%) committed,  1 nodes.
      Class space:        1.00 GB reserved,       3.56 MB ( <1%) committed,  1 nodes.
             Both:        1.06 GB reserved,      27.88 MB (  3%) committed. 

Chunk freelists:
   Non-Class:  6.75 MB
       Class:  12.48 MB
        Both:  19.23 MB

MaxMetaspaceSize: unlimited
CompressedClassSpaceSize: 1.00 GB
Initial GC threshold: 21.00 MB
Current GC threshold: 35.12 MB
CDS: on
MetaspaceReclaimPolicy: balanced
 - commit_granule_bytes: 65536.
 - commit_granule_words: 8192.
 - virtual_space_node_default_size: 8388608.
 - enlarge_chunks_in_place: 1.
 - new_chunks_are_fully_committed: 0.
 - uncommit_free_chunks: 1.
 - use_allocation_guard: 0.
 - handle_deallocations: 1.


Internal statistics:

num_allocs_failed_limit: 3.
num_arena_births: 530.
num_arena_deaths: 0.
num_vsnodes_births: 2.
num_vsnodes_deaths: 0.
num_space_committed: 446.
num_space_uncommitted: 0.
num_chunks_returned_to_freelist: 3.
num_chunks_taken_from_freelist: 1644.
num_chunk_merges: 3.
num_chunk_splits: 1095.
num_chunks_enlarged: 751.
num_inconsistent_stats: 0.

CodeHeap 'non-profiled nmethods': size=120000Kb used=3485Kb max_used=3485Kb free=116515Kb
 bounds [0x00000217d1590000, 0x00000217d1900000, 0x00000217d8ac0000]
CodeHeap 'profiled nmethods': size=120000Kb used=10097Kb max_used=10097Kb free=109902Kb
 bounds [0x00000217c9ac0000, 0x00000217ca4a0000, 0x00000217d0ff0000]
CodeHeap 'non-nmethods': size=5760Kb used=1258Kb max_used=1310Kb free=4501Kb
 bounds [0x00000217d0ff0000, 0x00000217d1260000, 0x00000217d1590000]
 total_blobs=5515 nmethods=4955 adapters=472
 compilation: enabled
              stopped_count=0, restarted_count=0
 full_count=0

Compilation events (20 events):
Event: 723.654 Thread 0x00000217e56f0080 nmethod 5819 0x00000217ca49a610 code [0x00000217ca49a7c0, 0x00000217ca49aaa8]
Event: 723.654 Thread 0x00000217e5685070 5820       4       java.util.LinkedHashMap::forEach (65 bytes)
Event: 723.656 Thread 0x00000217e5685070 nmethod 5820 0x00000217d18f1610 code [0x00000217d18f17a0, 0x00000217d18f18d8]
Event: 723.656 Thread 0x00000217e5685070 5821       4       java.util.AbstractCollection::addAll (42 bytes)
Event: 723.657 Thread 0x00000217e5685070 nmethod 5821 0x00000217d18f1a10 code [0x00000217d18f1ba0, 0x00000217d18f1cd8]
Event: 723.658 Thread 0x00000217e5685070 5822       4       java.util.concurrent.ForkJoinTask::fork (40 bytes)
Event: 723.659 Thread 0x00000217e56f0080 5823       3       java.math.BigDecimal::checkScale (62 bytes)
Event: 723.659 Thread 0x00000217e56f0080 nmethod 5823 0x00000217ca49ac10 code [0x00000217ca49adc0, 0x00000217ca49b0c8]
Event: 723.675 Thread 0x00000217e5685070 nmethod 5822 0x00000217d18f1e90 code [0x00000217d18f20a0, 0x00000217d18f2c10]
Event: 725.124 Thread 0x00000217e56f0080 5824       3       java.util.stream.Collector::of (56 bytes)
Event: 725.125 Thread 0x00000217e5685070 5825       4       java.util.stream.AbstractTask::compute (141 bytes)
Event: 725.125 Thread 0x00000217e56f0080 nmethod 5824 0x00000217ca49b190 code [0x00000217ca49b420, 0x00000217ca49bfe8]
Event: 725.130 Thread 0x00000217e56f0080 5828       3       java.time.LocalDateTime::getLong (47 bytes)
Event: 725.130 Thread 0x00000217e56f0080 nmethod 5828 0x00000217ca49c410 code [0x00000217ca49c600, 0x00000217ca49cc28]
Event: 725.130 Thread 0x00000217e56f0080 5829       3       java.time.temporal.ChronoField::isTimeBased (19 bytes)
Event: 725.131 Thread 0x00000217e56f0080 nmethod 5829 0x00000217ca49cd90 code [0x00000217ca49cf20, 0x00000217ca49d0b8]
Event: 725.192 Thread 0x00000217e5685070 nmethod 5825 0x00000217d18f3590 code [0x00000217d18f3840, 0x00000217d18f53a0]
Event: 725.192 Thread 0x00000217e5685070 5826       4       org.springframework.core.ResolvableType::hashCode (22 bytes)
Event: 725.203 Thread 0x00000217e5685070 nmethod 5826 0x00000217d18f6610 code [0x00000217d18f6820, 0x00000217d18f6fc0]
Event: 725.203 Thread 0x00000217e5685070 5827       4       org.springframework.core.ResolvableType::forType (112 bytes)

GC Heap History (18 events):
Event: 2.445 GC heap before
{Heap before GC invocations=0 (full 0):
 garbage-first heap   total 258048K, used 22528K [0x0000000704200000, 0x0000000800000000)
  region size 2048K, 11 young (22528K), 0 survivors (0K)
 Metaspace       used 3397K, committed 3648K, reserved 1114112K
  class space    used 352K, committed 448K, reserved 1048576K
}
Event: 2.459 GC heap after
{Heap after GC invocations=1 (full 0):
 garbage-first heap   total 258048K, used 2517K [0x0000000704200000, 0x0000000800000000)
  region size 2048K, 2 young (4096K), 2 survivors (4096K)
 Metaspace       used 3397K, committed 3648K, reserved 1114112K
  class space    used 352K, committed 448K, reserved 1048576K
}
Event: 3.663 GC heap before
{Heap before GC invocations=1 (full 0):
 garbage-first heap   total 258048K, used 37333K [0x0000000704200000, 0x0000000800000000)
  region size 2048K, 19 young (38912K), 2 survivors (4096K)
 Metaspace       used 7492K, committed 7808K, reserved 1114112K
  class space    used 922K, committed 1088K, reserved 1048576K
}
Event: 3.667 GC heap after
{Heap after GC invocations=2 (full 0):
 garbage-first heap   total 258048K, used 3840K [0x0000000704200000, 0x0000000800000000)
  region size 2048K, 2 young (4096K), 2 survivors (4096K)
 Metaspace       used 7492K, committed 7808K, reserved 1114112K
  class space    used 922K, committed 1088K, reserved 1048576K
}
Event: 7.321 GC heap before
{Heap before GC invocations=2 (full 0):
 garbage-first heap   total 258048K, used 134912K [0x0000000704200000, 0x0000000800000000)
  region size 2048K, 67 young (137216K), 2 survivors (4096K)
 Metaspace       used 21170K, committed 21504K, reserved 1114112K
  class space    used 2547K, committed 2752K, reserved 1048576K
}
Event: 7.335 GC heap after
{Heap after GC invocations=3 (full 0):
 garbage-first heap   total 258048K, used 9367K [0x0000000704200000, 0x0000000800000000)
  region size 2048K, 5 young (10240K), 5 survivors (10240K)
 Metaspace       used 21170K, committed 21504K, reserved 1114112K
  class space    used 2547K, committed 2752K, reserved 1048576K
}
Event: 7.621 GC heap before
{Heap before GC invocations=4 (full 0):
 garbage-first heap   total 55296K, used 44183K [0x0000000704200000, 0x0000000800000000)
  region size 2048K, 23 young (47104K), 5 survivors (10240K)
 Metaspace       used 21239K, committed 21632K, reserved 1114112K
  class space    used 2554K, committed 2752K, reserved 1048576K
}
Event: 7.638 GC heap after
{Heap after GC invocations=5 (full 0):
 garbage-first heap   total 57344K, used 10240K [0x0000000704200000, 0x0000000800000000)
  region size 2048K, 5 young (10240K), 5 survivors (10240K)
 Metaspace       used 21239K, committed 21632K, reserved 1114112K
  class space    used 2554K, committed 2752K, reserved 1048576K
}
Event: 7.691 GC heap before
{Heap before GC invocations=5 (full 0):
 garbage-first heap   total 57344K, used 32768K [0x0000000704200000, 0x0000000800000000)
  region size 2048K, 16 young (32768K), 5 survivors (10240K)
 Metaspace       used 21239K, committed 21632K, reserved 1114112K
  class space    used 2554K, committed 2752K, reserved 1048576K
}
Event: 7.704 GC heap after
{Heap after GC invocations=6 (full 0):
 garbage-first heap   total 57344K, used 11037K [0x0000000704200000, 0x0000000800000000)
  region size 2048K, 2 young (4096K), 2 survivors (4096K)
 Metaspace       used 21239K, committed 21632K, reserved 1114112K
  class space    used 2554K, committed 2752K, reserved 1048576K
}
Event: 8.461 GC heap before
{Heap before GC invocations=6 (full 0):
 garbage-first heap   total 57344K, used 39709K [0x0000000704200000, 0x0000000800000000)
  region size 2048K, 16 young (32768K), 2 survivors (4096K)
 Metaspace       used 24343K, committed 24768K, reserved 1114112K
  class space    used 2940K, committed 3136K, reserved 1048576K
}
Event: 8.464 GC heap after
{Heap after GC invocations=7 (full 0):
 garbage-first heap   total 57344K, used 11380K [0x0000000704200000, 0x0000000800000000)
  region size 2048K, 2 young (4096K), 2 survivors (4096K)
 Metaspace       used 24343K, committed 24768K, reserved 1114112K
  class space    used 2940K, committed 3136K, reserved 1048576K
}
Event: 9.328 GC heap before
{Heap before GC invocations=7 (full 0):
 garbage-first heap   total 57344K, used 40052K [0x0000000704200000, 0x0000000800000000)
  region size 2048K, 16 young (32768K), 2 survivors (4096K)
 Metaspace       used 25327K, committed 25728K, reserved 1114112K
  class space    used 3047K, committed 3264K, reserved 1048576K
}
Event: 9.333 GC heap after
{Heap after GC invocations=8 (full 0):
 garbage-first heap   total 57344K, used 13886K [0x0000000704200000, 0x0000000800000000)
  region size 2048K, 2 young (4096K), 2 survivors (4096K)
 Metaspace       used 25327K, committed 25728K, reserved 1114112K
  class space    used 3047K, committed 3264K, reserved 1048576K
}
Event: 154.690 GC heap before
{Heap before GC invocations=8 (full 0):
 garbage-first heap   total 57344K, used 42558K [0x0000000704200000, 0x0000000800000000)
  region size 2048K, 16 young (32768K), 2 survivors (4096K)
 Metaspace       used 27737K, committed 28224K, reserved 1114112K
  class space    used 3395K, committed 3648K, reserved 1048576K
}
Event: 154.693 GC heap after
{Heap after GC invocations=9 (full 0):
 garbage-first heap   total 57344K, used 15751K [0x0000000704200000, 0x0000000800000000)
  region size 2048K, 2 young (4096K), 2 survivors (4096K)
 Metaspace       used 27737K, committed 28224K, reserved 1114112K
  class space    used 3395K, committed 3648K, reserved 1048576K
}
Event: 342.280 GC heap before
{Heap before GC invocations=9 (full 0):
 garbage-first heap   total 57344K, used 40327K [0x0000000704200000, 0x0000000800000000)
  region size 2048K, 15 young (30720K), 2 survivors (4096K)
 Metaspace       used 28014K, committed 28480K, reserved 1114112K
  class space    used 3407K, committed 3648K, reserved 1048576K
}
Event: 342.283 GC heap after
{Heap after GC invocations=10 (full 0):
 garbage-first heap   total 57344K, used 15586K [0x0000000704200000, 0x0000000800000000)
  region size 2048K, 1 young (2048K), 1 survivors (2048K)
 Metaspace       used 28014K, committed 28480K, reserved 1114112K
  class space    used 3407K, committed 3648K, reserved 1048576K
}

Deoptimization events (20 events):
Event: 167.627 Thread 0x000002182c3bab70 DEOPT PACKING pc=0x00000217d188fdb4 sp=0x0000006e9f9fdbb0
Event: 167.627 Thread 0x000002182c3bab70 DEOPT UNPACKING pc=0x00000217d1045ba3 sp=0x0000006e9f9fdb70 mode 2
Event: 173.096 Thread 0x000002182f437130 Uncommon trap: trap_request=0xffffffde fr.pc=0x00000217d18a07a4 relative=0x0000000000001204
Event: 173.096 Thread 0x000002182f437130 Uncommon trap: reason=class_check action=maybe_recompile pc=0x00000217d18a07a4 method=org.springframework.beans.factory.support.DefaultListableBeanFactory.addCandidateEntry(Ljava/util/Map;Ljava/lang/String;Lorg/springframework/beans/factory/config/Depende
Event: 173.096 Thread 0x000002182f437130 DEOPT PACKING pc=0x00000217d18a07a4 sp=0x0000006e9fafe560
Event: 173.096 Thread 0x000002182f437130 DEOPT UNPACKING pc=0x00000217d1045ba3 sp=0x0000006e9fafe538 mode 2
Event: 341.653 Thread 0x000002182f438a80 Uncommon trap: trap_request=0xffffff45 fr.pc=0x00000217d188cc34 relative=0x00000000000002d4
Event: 341.653 Thread 0x000002182f437130 Uncommon trap: trap_request=0xffffff45 fr.pc=0x00000217d188cc34 relative=0x00000000000002d4
Event: 341.653 Thread 0x000002182c3bab70 Uncommon trap: trap_request=0xffffff45 fr.pc=0x00000217d1894824 relative=0x0000000000001104
Event: 341.653 Thread 0x000002182f437130 Uncommon trap: reason=unstable_if action=reinterpret pc=0x00000217d188cc34 method=java.util.concurrent.ForkJoinPool.signalWork()V @ 28 c2
Event: 341.653 Thread 0x000002182c3bab70 Uncommon trap: reason=unstable_if action=reinterpret pc=0x00000217d1894824 method=java.util.concurrent.ForkJoinPool.signalWork()V @ 28 c2
Event: 341.653 Thread 0x000002182f438a80 Uncommon trap: reason=unstable_if action=reinterpret pc=0x00000217d188cc34 method=java.util.concurrent.ForkJoinPool.signalWork()V @ 28 c2
Event: 341.653 Thread 0x000002182f437130 DEOPT PACKING pc=0x00000217d188cc34 sp=0x0000006e9fafeed0
Event: 341.653 Thread 0x000002182f438a80 DEOPT PACKING pc=0x00000217d188cc34 sp=0x0000006e9d8ff620
Event: 341.653 Thread 0x000002182c3bab70 DEOPT PACKING pc=0x00000217d1894824 sp=0x0000006e9f9fe5d0
Event: 341.653 Thread 0x000002182f437130 DEOPT UNPACKING pc=0x00000217d1045ba3 sp=0x0000006e9fafedc0 mode 2
Event: 341.653 Thread 0x000002182f438a80 DEOPT UNPACKING pc=0x00000217d1045ba3 sp=0x0000006e9d8ff510 mode 2
Event: 341.653 Thread 0x000002182c3bab70 DEOPT UNPACKING pc=0x00000217d1045ba3 sp=0x0000006e9f9fe408 mode 2
Event: 721.708 Thread 0x000002182c3bab70 DEOPT PACKING pc=0x00000217c9e580af sp=0x0000006e9f9fe620
Event: 721.708 Thread 0x000002182c3bab70 DEOPT UNPACKING pc=0x00000217d10466e3 sp=0x0000006e9f9fdb08 mode 0

Classes unloaded (0 events):
No events

Classes redefined (0 events):
No events

Internal exceptions (20 events):
Event: 16.491 Thread 0x000002182c3bab70 Exception <a 'java/lang/NoSuchMethodError'{0x000000070649a008}: 'java.lang.Object java.lang.invoke.DirectMethodHandle$Holder.newInvokeSpecial(java.lang.Object, java.lang.Object, int)'> (0x000000070649a008) 
thrown [s\open\src\hotspot\share\interpreter\linkResolver.cpp, line 759]
Event: 16.883 Thread 0x000002182c3bab70 Exception <a 'java/lang/reflect/InvocationTargetException'{0x00000007061048d8}> (0x00000007061048d8) 
thrown [s\open\src\hotspot\share\runtime\reflection.cpp, line 1121]
Event: 154.216 Thread 0x000002182c3bab70 Exception <a 'java/lang/reflect/InvocationTargetException'{0x0000000705ef6000}> (0x0000000705ef6000) 
thrown [s\open\src\hotspot\share\runtime\reflection.cpp, line 1121]
Event: 154.705 Thread 0x000002182c3bab70 Exception <a 'java/lang/reflect/InvocationTargetException'{0x0000000713cadfe0}> (0x0000000713cadfe0) 
thrown [s\open\src\hotspot\share\runtime\reflection.cpp, line 1121]
Event: 154.952 Thread 0x000002182c3bab70 Exception <a 'java/lang/reflect/InvocationTargetException'{0x0000000713a19d70}> (0x0000000713a19d70) 
thrown [s\open\src\hotspot\share\runtime\reflection.cpp, line 1121]
Event: 155.434 Thread 0x000002182c3bab70 Exception <a 'java/lang/reflect/InvocationTargetException'{0x0000000713bb1b18}> (0x0000000713bb1b18) 
thrown [s\open\src\hotspot\share\runtime\reflection.cpp, line 1121]
Event: 156.383 Thread 0x000002182c3bab70 Exception <a 'java/lang/reflect/InvocationTargetException'{0x00000007139322e0}> (0x00000007139322e0) 
thrown [s\open\src\hotspot\share\runtime\reflection.cpp, line 1121]
Event: 156.711 Thread 0x000002182c3bab70 Exception <a 'java/lang/reflect/InvocationTargetException'{0x000000070b6becf8}> (0x000000070b6becf8) 
thrown [s\open\src\hotspot\share\runtime\reflection.cpp, line 1121]
Event: 158.238 Thread 0x000002182c3bab70 Exception <a 'java/lang/reflect/InvocationTargetException'{0x000000070b43e908}> (0x000000070b43e908) 
thrown [s\open\src\hotspot\share\runtime\reflection.cpp, line 1121]
Event: 159.567 Thread 0x000002182c3bab70 Exception <a 'java/lang/reflect/InvocationTargetException'{0x000000070b5c38e0}> (0x000000070b5c38e0) 
thrown [s\open\src\hotspot\share\runtime\reflection.cpp, line 1121]
Event: 162.084 Thread 0x000002182c3bab70 Exception <a 'java/lang/reflect/InvocationTargetException'{0x000000070b330070}> (0x000000070b330070) 
thrown [s\open\src\hotspot\share\runtime\reflection.cpp, line 1121]
Event: 163.228 Thread 0x000002182c3bab70 Exception <a 'java/lang/reflect/InvocationTargetException'{0x000000070b0a44c0}> (0x000000070b0a44c0) 
thrown [s\open\src\hotspot\share\runtime\reflection.cpp, line 1121]
Event: 164.503 Thread 0x000002182c3bab70 Exception <a 'java/lang/reflect/InvocationTargetException'{0x000000070ae17908}> (0x000000070ae17908) 
thrown [s\open\src\hotspot\share\runtime\reflection.cpp, line 1121]
Event: 164.824 Thread 0x000002182c3bab70 Exception <a 'java/lang/reflect/InvocationTargetException'{0x000000070af98be0}> (0x000000070af98be0) 
thrown [s\open\src\hotspot\share\runtime\reflection.cpp, line 1121]
Event: 167.630 Thread 0x000002182c3bab70 Exception <a 'java/lang/reflect/InvocationTargetException'{0x00000007069144d0}> (0x00000007069144d0) 
thrown [s\open\src\hotspot\share\runtime\reflection.cpp, line 1121]
Event: 168.883 Thread 0x000002182c3bab70 Exception <a 'java/lang/reflect/InvocationTargetException'{0x0000000706678330}> (0x0000000706678330) 
thrown [s\open\src\hotspot\share\runtime\reflection.cpp, line 1121]
Event: 181.344 Thread 0x000002182c3bab70 Exception <a 'java/lang/reflect/InvocationTargetException'{0x000000070645a0b0}> (0x000000070645a0b0) 
thrown [s\open\src\hotspot\share\runtime\reflection.cpp, line 1121]
Event: 181.871 Thread 0x000002182c3bab70 Exception <a 'java/lang/reflect/InvocationTargetException'{0x00000007065edac0}> (0x00000007065edac0) 
thrown [s\open\src\hotspot\share\runtime\reflection.cpp, line 1121]
Event: 505.086 Thread 0x000002182c3bab70 Exception <a 'java/lang/reflect/InvocationTargetException'{0x0000000713a628c0}> (0x0000000713a628c0) 
thrown [s\open\src\hotspot\share\runtime\reflection.cpp, line 1121]
Event: 715.299 Thread 0x000002182c3bab70 Exception <a 'java/lang/reflect/InvocationTargetException'{0x000000070b476938}> (0x000000070b476938) 
thrown [s\open\src\hotspot\share\runtime\reflection.cpp, line 1121]

VM Operations (20 events):
Event: 509.910 Executing VM operation: Cleanup
Event: 509.910 Executing VM operation: Cleanup done
Event: 510.913 Executing VM operation: Cleanup
Event: 510.913 Executing VM operation: Cleanup done
Event: 533.128 Executing VM operation: Cleanup
Event: 533.128 Executing VM operation: Cleanup done
Event: 541.322 Executing VM operation: HandshakeAllThreads
Event: 541.322 Executing VM operation: HandshakeAllThreads done
Event: 718.112 Executing VM operation: Cleanup
Event: 718.112 Executing VM operation: Cleanup done
Event: 719.126 Executing VM operation: Cleanup
Event: 719.126 Executing VM operation: Cleanup done
Event: 721.832 Executing VM operation: HandshakeAllThreads
Event: 721.832 Executing VM operation: HandshakeAllThreads done
Event: 721.832 Executing VM operation: Cleanup
Event: 721.832 Executing VM operation: Cleanup done
Event: 722.847 Executing VM operation: Cleanup
Event: 722.847 Executing VM operation: Cleanup done
Event: 723.862 Executing VM operation: Cleanup
Event: 723.862 Executing VM operation: Cleanup done

Events (20 events):
Event: 722.684 loading class jdk/internal/reflect/GeneratedMethodAccessor32
Event: 722.684 loading class jdk/internal/reflect/GeneratedMethodAccessor32 done
Event: 722.684 loading class jdk/internal/reflect/GeneratedMethodAccessor32
Event: 722.684 loading class jdk/internal/reflect/GeneratedMethodAccessor32 done
Event: 723.047 loading class jdk/internal/reflect/GeneratedMethodAccessor32
Event: 723.047 loading class jdk/internal/reflect/GeneratedMethodAccessor32 done
Event: 723.047 loading class jdk/internal/reflect/GeneratedMethodAccessor32
Event: 723.047 loading class jdk/internal/reflect/GeneratedMethodAccessor32 done
Event: 723.353 loading class jdk/internal/reflect/GeneratedMethodAccessor32
Event: 723.353 loading class jdk/internal/reflect/GeneratedMethodAccessor32 done
Event: 723.353 loading class jdk/internal/reflect/GeneratedMethodAccessor32
Event: 723.353 loading class jdk/internal/reflect/GeneratedMethodAccessor32 done
Event: 723.658 loading class jdk/internal/reflect/GeneratedMethodAccessor32
Event: 723.658 loading class jdk/internal/reflect/GeneratedMethodAccessor32 done
Event: 723.658 loading class jdk/internal/reflect/GeneratedMethodAccessor32
Event: 723.658 loading class jdk/internal/reflect/GeneratedMethodAccessor32 done
Event: 725.129 loading class jdk/internal/reflect/GeneratedMethodAccessor32
Event: 725.129 loading class jdk/internal/reflect/GeneratedMethodAccessor32 done
Event: 725.129 loading class jdk/internal/reflect/GeneratedMethodAccessor32
Event: 725.129 loading class jdk/internal/reflect/GeneratedMethodAccessor32 done


Dynamic libraries:
0x00007ff767b50000 - 0x00007ff767b60000 	C:\Program Files\Java\jdk-17\bin\java.exe
0x00007ffece630000 - 0x00007ffece847000 	C:\WINDOWS\SYSTEM32\ntdll.dll
0x00007ffeccc10000 - 0x00007ffecccd4000 	C:\WINDOWS\System32\KERNEL32.DLL
0x00007ffecbe20000 - 0x00007ffecc1d9000 	C:\WINDOWS\System32\KERNELBASE.dll
0x00007ffecbcd0000 - 0x00007ffecbde1000 	C:\WINDOWS\System32\ucrtbase.dll
0x00007ffeb9b40000 - 0x00007ffeb9b5b000 	C:\Program Files\Java\jdk-17\bin\VCRUNTIME140.dll
0x00007ffeb95c0000 - 0x00007ffeb95d9000 	C:\Program Files\Java\jdk-17\bin\jli.dll
0x00007ffecd450000 - 0x00007ffecd502000 	C:\WINDOWS\System32\ADVAPI32.dll
0x00007ffecdc20000 - 0x00007ffecdcc7000 	C:\WINDOWS\System32\msvcrt.dll
0x00007ffecc7c0000 - 0x00007ffecc867000 	C:\WINDOWS\System32\sechost.dll
0x00007ffecbdf0000 - 0x00007ffecbe18000 	C:\WINDOWS\System32\bcrypt.dll
0x00007ffeccd00000 - 0x00007ffecce14000 	C:\WINDOWS\System32\RPCRT4.dll
0x00007ffecc360000 - 0x00007ffecc50e000 	C:\WINDOWS\System32\USER32.dll
0x00007ffecb9f0000 - 0x00007ffecba16000 	C:\WINDOWS\System32\win32u.dll
0x00007ffecc790000 - 0x00007ffecc7b9000 	C:\WINDOWS\System32\GDI32.dll
0x00007ffecbaa0000 - 0x00007ffecbbbb000 	C:\WINDOWS\System32\gdi32full.dll
0x00007ffecbbc0000 - 0x00007ffecbc5a000 	C:\WINDOWS\System32\msvcp_win.dll
0x00007ffeaf070000 - 0x00007ffeaf302000 	C:\WINDOWS\WinSxS\amd64_microsoft.windows.common-controls_6595b64144ccf1df_6.0.22621.4391_none_2715d37f73803e96\COMCTL32.dll
0x00007ffec3300000 - 0x00007ffec330a000 	C:\WINDOWS\SYSTEM32\VERSION.dll
0x00007ffecc870000 - 0x00007ffecc8a1000 	C:\WINDOWS\System32\IMM32.DLL
0x00007ffea1d50000 - 0x00007ffea1e3b000 	C:\Program Files\Windhawk\Engine\1.5.1\64\windhawk.dll
0x00007ffec6f70000 - 0x00007ffec70a6000 	C:\WINDOWS\SYSTEM32\WINHTTP.dll
0x00007ffeb95b0000 - 0x00007ffeb95bc000 	C:\Program Files\Java\jdk-17\bin\vcruntime140_1.dll
0x00007ffe7bb60000 - 0x00007ffe7bbee000 	C:\Program Files\Java\jdk-17\bin\msvcp140.dll
0x00007ffdf2f80000 - 0x00007ffdf3b5f000 	C:\Program Files\Java\jdk-17\bin\server\jvm.dll
0x00007ffecc350000 - 0x00007ffecc358000 	C:\WINDOWS\System32\PSAPI.DLL
0x00007ffeb95a0000 - 0x00007ffeb95a9000 	C:\WINDOWS\SYSTEM32\WSOCK32.dll
0x00007ffec71b0000 - 0x00007ffec71e4000 	C:\WINDOWS\SYSTEM32\WINMM.dll
0x00007ffecd6c0000 - 0x00007ffecd731000 	C:\WINDOWS\System32\WS2_32.dll
0x00007ffeca940000 - 0x00007ffeca958000 	C:\WINDOWS\SYSTEM32\kernel.appcore.dll
0x00007ffe9f160000 - 0x00007ffe9f16a000 	C:\Program Files\Java\jdk-17\bin\jimage.dll
0x00007ffec9120000 - 0x00007ffec9352000 	C:\WINDOWS\SYSTEM32\DBGHELP.DLL
0x00007ffecd750000 - 0x00007ffecdadf000 	C:\WINDOWS\System32\combase.dll
0x00007ffecdae0000 - 0x00007ffecdbb7000 	C:\WINDOWS\System32\OLEAUT32.dll
0x00007ffec7170000 - 0x00007ffec71a2000 	C:\WINDOWS\SYSTEM32\dbgcore.DLL
0x00007ffecba20000 - 0x00007ffecba9b000 	C:\WINDOWS\System32\bcryptPrimitives.dll
0x00007ffe9f130000 - 0x00007ffe9f155000 	C:\Program Files\Java\jdk-17\bin\java.dll
0x00007ffe6e4c0000 - 0x00007ffe6e597000 	C:\Program Files\Java\jdk-17\bin\jsvml.dll
0x00007ffecdcf0000 - 0x00007ffece566000 	C:\WINDOWS\System32\SHELL32.dll
0x00007ffec9820000 - 0x00007ffeca123000 	C:\WINDOWS\SYSTEM32\windows.storage.dll
0x00007ffec96e0000 - 0x00007ffec981f000 	C:\WINDOWS\SYSTEM32\wintypes.dll
0x00007ffecd510000 - 0x00007ffecd609000 	C:\WINDOWS\System32\SHCORE.dll
0x00007ffecc730000 - 0x00007ffecc78e000 	C:\WINDOWS\System32\shlwapi.dll
0x00007ffecb860000 - 0x00007ffecb88b000 	C:\WINDOWS\SYSTEM32\profapi.dll
0x00007ffe99050000 - 0x00007ffe99069000 	C:\Program Files\Java\jdk-17\bin\net.dll
0x00007ffecadd0000 - 0x00007ffecae39000 	C:\WINDOWS\system32\mswsock.dll
0x00007ffe7ee60000 - 0x00007ffe7ee76000 	C:\Program Files\Java\jdk-17\bin\nio.dll
0x00007ffe7bb40000 - 0x00007ffe7bb58000 	C:\Program Files\Java\jdk-17\bin\zip.dll
0x00007ffe9f120000 - 0x00007ffe9f130000 	C:\Program Files\Java\jdk-17\bin\verify.dll
0x00007ffeca400000 - 0x00007ffeca502000 	C:\WINDOWS\SYSTEM32\DNSAPI.dll
0x00007ffeca390000 - 0x00007ffeca3bd000 	C:\WINDOWS\SYSTEM32\IPHLPAPI.DLL
0x00007ffeccc00000 - 0x00007ffeccc09000 	C:\WINDOWS\System32\NSI.dll
0x00007ffec5d30000 - 0x00007ffec5d3a000 	C:\Windows\System32\rasadhlp.dll
0x00007ffec3160000 - 0x00007ffec31e3000 	C:\WINDOWS\System32\fwpuclnt.dll
0x00007ffe9cdf0000 - 0x00007ffe9cdfa000 	C:\Program Files\Java\jdk-17\bin\management.dll
0x00007ffe9cc00000 - 0x00007ffe9cc0b000 	C:\Program Files\Java\jdk-17\bin\management_ext.dll

dbghelp: loaded successfully - version: 4.0.5 - missing functions: none
symbol engine: initialized successfully - sym options: 0x614 - pdb path: .;C:\Program Files\Java\jdk-17\bin;C:\WINDOWS\SYSTEM32;C:\WINDOWS\WinSxS\amd64_microsoft.windows.common-controls_6595b64144ccf1df_6.0.22621.4391_none_2715d37f73803e96;C:\Program Files\Windhawk\Engine\1.5.1\64;C:\Program Files\Java\jdk-17\bin\server

VM Arguments:
java_command: c:\Users\admin\.vscode-insiders\extensions\salesforce.salesforce-vscode-slds-2.0.10\lsp-2.0.10-executable.jar --PORT=53058
java_class_path (initial): c:\Users\admin\.vscode-insiders\extensions\salesforce.salesforce-vscode-slds-2.0.10\lsp-2.0.10-executable.jar
Launcher Type: SUN_STANDARD

[Global flags]
     intx CICompilerCount                          = 4                                         {product} {ergonomic}
     uint ConcGCThreads                            = 2                                         {product} {ergonomic}
     uint G1ConcRefinementThreads                  = 8                                         {product} {ergonomic}
   size_t G1HeapRegionSize                         = 2097152                                   {product} {ergonomic}
    uintx GCDrainStackTargetSize                   = 64                                        {product} {ergonomic}
   size_t InitialHeapSize                          = 264241152                                 {product} {ergonomic}
   size_t MarkStackSize                            = 4194304                                   {product} {ergonomic}
   size_t MaxHeapSize                              = 4225761280                                {product} {ergonomic}
   size_t MaxNewSize                               = 2535456768                                {product} {ergonomic}
   size_t MinHeapDeltaBytes                        = 2097152                                   {product} {ergonomic}
   size_t MinHeapSize                              = 8388608                                   {product} {ergonomic}
    uintx NonNMethodCodeHeapSize                   = 5839372                                {pd product} {ergonomic}
    uintx NonProfiledCodeHeapSize                  = 122909434                              {pd product} {ergonomic}
    uintx ProfiledCodeHeapSize                     = 122909434                              {pd product} {ergonomic}
    uintx ReservedCodeCacheSize                    = 251658240                              {pd product} {ergonomic}
     bool SegmentedCodeCache                       = true                                      {product} {ergonomic}
   size_t SoftMaxHeapSize                          = 4225761280                             {manageable} {ergonomic}
     bool UseCompressedClassPointers               = true                           {product lp64_product} {ergonomic}
     bool UseCompressedOops                        = true                           {product lp64_product} {ergonomic}
     bool UseG1GC                                  = true                                      {product} {ergonomic}
     bool UseLargePagesIndividualAllocation        = false                                  {pd product} {ergonomic}

Logging:
Log output configuration:
 #0: stdout all=warning uptime,level,tags
 #1: stderr all=off uptime,level,tags

Environment Variables:
PATH=C:\Program Files\Common Files\Oracle\Java\javapath;C:\Python312\Scripts\;C:\Python312\;C:\WINDOWS\system32;C:\WINDOWS;C:\WINDOWS\System32\Wbem;C:\WINDOWS\System32\WindowsPowerShell\v1.0\;C:\WINDOWS\System32\OpenSSH\;C:\Program Files\dotnet\;C:\Program Files\nodejs\;C:\ProgramData\chocolatey\bin;C:\Program Files\nodejs;C:\Users\admin\AppData\Roaming\npm;C:\Program Files\Git\cmd;C:\Program Files\Git\mingw64\bin;C:\Program Files\Git\usr\bin;C:\Program Files\Microsoft VS Code Insiders\bin;C:\Users\admin\.console-ninja\.bin;C:\Users\admin\AppData\Local\Microsoft\WindowsApps;C:\Users\admin\AppData\Local\Programs\Microsoft VS Code Insiders\bin;C:\Program Files\sf\bin;C:\Users\admin\AppData\Local\Programs\oh-my-posh\bin;C:\Users\admin\AppData\Local\Microsoft\WinGet\Links;C:\Users\admin\AppData\Roaming\npm;C:\Program Files\heroku\bin
USERNAME=RED
OS=Windows_NT
PROCESSOR_IDENTIFIER=Intel64 Family 6 Model 140 Stepping 1, GenuineIntel



---------------  S Y S T E M  ---------------

OS:
 Windows 11 , 64 bit Build 22621 (10.0.22621.4391)
OS uptime: 2 days 12:21 hours
Hyper-V role detected

CPU: total 8 (initial active 8) (4 cores per cpu, 2 threads per core) family 6 model 140 stepping 1 microcode 0xb8, cx8, cmov, fxsr, ht, mmx, 3dnowpref, sse, sse2, sse3, ssse3, sse4.1, sse4.2, popcnt, lzcnt, tsc, tscinvbit, avx, avx2, aes, erms, clmul, bmi1, bmi2, adx, avx512f, avx512dq, avx512cd, avx512bw, avx512vl, sha, fma, vzeroupper, avx512_vpopcntdq, avx512_vpclmulqdq, avx512_vaes, avx512_vnni, clflush, clflushopt, clwb, avx512_vbmi2, avx512_vbmi, hv

Memory: 4k page, system-wide physical 16118M (701M free)
TotalPageFile size 24310M (AvailPageFile size 32M)
current process WorkingSet (physical memory assigned to process): 167M, peak: 249M
current process commit charge ("private bytes"): 205M, peak: 427M

vm_info: Java HotSpot(TM) 64-Bit Server VM (17.0.10+11-LTS-240) for windows-amd64 JRE (17.0.10+11-LTS-240), built on Dec 19 2023 21:47:25 by "mach5one" with MS VC++ 17.1 (VS2022)

END.
